{"level":"info","message":{"ip":"::1","method":"GET","url":"/api/v1/products/"},"service":"secondhand-marketplace-api","timestamp":"2026-01-02 14:12:36"}
{"level":"info","message":{"ip":"::1","method":"GET","url":"/api/v1/products/"},"service":"secondhand-marketplace-api","timestamp":"2026-01-02 14:24:12"}
{"level":"info","message":{"ip":"::1","method":"GET","url":"/api/v1/products"},"service":"secondhand-marketplace-api","timestamp":"2026-01-02 15:22:48"}
{"level":"info","message":{"ip":"::1","method":"GET","url":"/api/v1/products"},"service":"secondhand-marketplace-api","timestamp":"2026-01-02 15:22:51"}
{"level":"info","message":{"ip":"::1","method":"GET","url":"/api/v1/products"},"service":"secondhand-marketplace-api","timestamp":"2026-01-02 15:22:51"}
{"level":"info","message":{"ip":"::1","method":"GET","url":"/api/v1/products"},"service":"secondhand-marketplace-api","timestamp":"2026-01-02 15:22:57"}
{"level":"info","message":{"ip":"::1","method":"GET","url":"/api/v1/products"},"service":"secondhand-marketplace-api","timestamp":"2026-01-02 15:22:57"}
{"level":"info","message":{"ip":"::1","method":"GET","url":"/api/v1/products/"},"service":"secondhand-marketplace-api","timestamp":"2026-01-02 15:23:36"}
{"level":"info","message":{"ip":"::1","method":"GET","url":"/api/v1/products/"},"service":"secondhand-marketplace-api","timestamp":"2026-01-02 15:23:37"}
{"level":"info","message":{"ip":"::1","method":"GET","url":"/api/v1/products/"},"service":"secondhand-marketplace-api","timestamp":"2026-01-02 15:24:28"}
{"level":"info","message":{"ip":"::1","method":"GET","url":"/api/v1/products/"},"service":"secondhand-marketplace-api","timestamp":"2026-01-02 15:24:28"}
{"level":"info","message":{"ip":"::1","method":"GET","url":"/api/v1/products/"},"service":"secondhand-marketplace-api","timestamp":"2026-01-02 15:24:52"}
{"level":"info","message":{"ip":"::1","method":"GET","url":"/api/v1/products/"},"service":"secondhand-marketplace-api","timestamp":"2026-01-02 15:24:52"}
{"level":"info","message":{"ip":"::1","method":"GET","url":"/api/v1/products/"},"service":"secondhand-marketplace-api","timestamp":"2026-01-02 15:28:24"}
{"level":"info","message":{"ip":"::1","method":"GET","url":"/api/v1/products/"},"service":"secondhand-marketplace-api","timestamp":"2026-01-02 15:28:25"}
{"level":"info","message":{"ip":"::1","method":"GET","url":"/api/v1/products/"},"service":"secondhand-marketplace-api","timestamp":"2026-01-02 15:42:24"}
{"level":"info","message":{"ip":"::1","method":"GET","url":"/api/v1/products/658e0a1b9f1b2c3d4e5f6001"},"service":"secondhand-marketplace-api","timestamp":"2026-01-02 15:50:53"}
{"ip":"::1","level":"error","message":"Cannot read properties of null (reading '_id')","method":"GET","service":"secondhand-marketplace-api","stack":"TypeError: Cannot read properties of null (reading '_id')\n    at file:///D:/FREELANCE/Support/backend_SECOW/src/controllers/productController.js:157:32\n    at process.processTicksAndRejections (node:internal/process/task_queues:105:5)","timestamp":"2026-01-02 15:50:53","url":"/api/v1/products/658e0a1b9f1b2c3d4e5f6001"}
{"level":"info","message":{"ip":"::1","method":"GET","url":"/api/v1/products/658e0a1b9f1b2c3d4e5f6001"},"service":"secondhand-marketplace-api","timestamp":"2026-01-02 15:51:10"}
{"ip":"::1","level":"error","message":"Cannot read properties of null (reading '_id')","method":"GET","service":"secondhand-marketplace-api","stack":"TypeError: Cannot read properties of null (reading '_id')\n    at file:///D:/FREELANCE/Support/backend_SECOW/src/controllers/productController.js:157:32\n    at process.processTicksAndRejections (node:internal/process/task_queues:105:5)","timestamp":"2026-01-02 15:51:10","url":"/api/v1/products/658e0a1b9f1b2c3d4e5f6001"}
{"level":"info","message":{"ip":"::1","method":"GET","url":"/api/v1/products/658e0a1b9f1b2c3d4e5f6001"},"service":"secondhand-marketplace-api","timestamp":"2026-01-02 15:51:13"}
{"ip":"::1","level":"error","message":"Cannot read properties of null (reading '_id')","method":"GET","service":"secondhand-marketplace-api","stack":"TypeError: Cannot read properties of null (reading '_id')\n    at file:///D:/FREELANCE/Support/backend_SECOW/src/controllers/productController.js:157:32\n    at process.processTicksAndRejections (node:internal/process/task_queues:105:5)","timestamp":"2026-01-02 15:51:13","url":"/api/v1/products/658e0a1b9f1b2c3d4e5f6001"}
{"level":"info","message":{"ip":"::1","method":"GET","url":"/api/v1/products/:658e0a1b9f1b2c3d4e5f6001"},"service":"secondhand-marketplace-api","timestamp":"2026-01-02 15:51:57"}
{"ip":"::1","level":"error","message":"Cast to ObjectId failed for value \":658e0a1b9f1b2c3d4e5f6001\" (type string) at path \"_id\" for model \"Product\"","method":"GET","service":"secondhand-marketplace-api","stack":"CastError: Cast to ObjectId failed for value \":658e0a1b9f1b2c3d4e5f6001\" (type string) at path \"_id\" for model \"Product\"\n    at SchemaObjectId.cast (D:\\FREELANCE\\Support\\backend_SECOW\\node_modules\\mongoose\\lib\\schema\\objectId.js:253:11)\n    at SchemaType.applySetters (D:\\FREELANCE\\Support\\backend_SECOW\\node_modules\\mongoose\\lib\\schemaType.js:1280:12)\n    at SchemaType.castForQuery (D:\\FREELANCE\\Support\\backend_SECOW\\node_modules\\mongoose\\lib\\schemaType.js:1706:17)\n    at cast (D:\\FREELANCE\\Support\\backend_SECOW\\node_modules\\mongoose\\lib\\cast.js:386:32)\n    at Query.cast (D:\\FREELANCE\\Support\\backend_SECOW\\node_modules\\mongoose\\lib\\query.js:5025:12)\n    at Query._castConditions (D:\\FREELANCE\\Support\\backend_SECOW\\node_modules\\mongoose\\lib\\query.js:2374:10)\n    at model.Query._findOne (D:\\FREELANCE\\Support\\backend_SECOW\\node_modules\\mongoose\\lib\\query.js:2704:8)\n    at model.Query.exec (D:\\FREELANCE\\Support\\backend_SECOW\\node_modules\\mongoose\\lib\\query.js:4637:80)\n    at process.processTicksAndRejections (node:internal/process/task_queues:105:5)\n    at async file:///D:/FREELANCE/Support/backend_SECOW/src/controllers/productController.js:131:21","timestamp":"2026-01-02 15:51:57","url":"/api/v1/products/:658e0a1b9f1b2c3d4e5f6001"}
{"level":"info","message":{"ip":"::1","method":"GET","url":"/api/v1/products/658e0a1b9f1b2c3d4e5f6001"},"service":"secondhand-marketplace-api","timestamp":"2026-01-02 15:52:01"}
{"ip":"::1","level":"error","message":"Cannot read properties of null (reading '_id')","method":"GET","service":"secondhand-marketplace-api","stack":"TypeError: Cannot read properties of null (reading '_id')\n    at file:///D:/FREELANCE/Support/backend_SECOW/src/controllers/productController.js:157:32\n    at process.processTicksAndRejections (node:internal/process/task_queues:105:5)","timestamp":"2026-01-02 15:52:01","url":"/api/v1/products/658e0a1b9f1b2c3d4e5f6001"}
{"level":"info","message":{"ip":"::1","method":"GET","url":"/api/v1/products/:id"},"service":"secondhand-marketplace-api","timestamp":"2026-01-02 15:52:11"}
{"ip":"::1","level":"error","message":"Cast to ObjectId failed for value \":id\" (type string) at path \"_id\" for model \"Product\"","method":"GET","service":"secondhand-marketplace-api","stack":"CastError: Cast to ObjectId failed for value \":id\" (type string) at path \"_id\" for model \"Product\"\n    at SchemaObjectId.cast (D:\\FREELANCE\\Support\\backend_SECOW\\node_modules\\mongoose\\lib\\schema\\objectId.js:253:11)\n    at SchemaType.applySetters (D:\\FREELANCE\\Support\\backend_SECOW\\node_modules\\mongoose\\lib\\schemaType.js:1280:12)\n    at SchemaType.castForQuery (D:\\FREELANCE\\Support\\backend_SECOW\\node_modules\\mongoose\\lib\\schemaType.js:1706:17)\n    at cast (D:\\FREELANCE\\Support\\backend_SECOW\\node_modules\\mongoose\\lib\\cast.js:386:32)\n    at Query.cast (D:\\FREELANCE\\Support\\backend_SECOW\\node_modules\\mongoose\\lib\\query.js:5025:12)\n    at Query._castConditions (D:\\FREELANCE\\Support\\backend_SECOW\\node_modules\\mongoose\\lib\\query.js:2374:10)\n    at model.Query._findOne (D:\\FREELANCE\\Support\\backend_SECOW\\node_modules\\mongoose\\lib\\query.js:2704:8)\n    at model.Query.exec (D:\\FREELANCE\\Support\\backend_SECOW\\node_modules\\mongoose\\lib\\query.js:4637:80)\n    at process.processTicksAndRejections (node:internal/process/task_queues:105:5)\n    at async file:///D:/FREELANCE/Support/backend_SECOW/src/controllers/productController.js:131:21","timestamp":"2026-01-02 15:52:11","url":"/api/v1/products/:id"}
{"level":"info","message":{"ip":"::1","method":"POST","url":"/api/v1/products/:id"},"service":"secondhand-marketplace-api","timestamp":"2026-01-02 15:52:32"}
{"level":"info","message":{"ip":"::1","method":"GET","url":"/api/v1/products/"},"service":"secondhand-marketplace-api","timestamp":"2026-01-02 15:53:07"}
{"level":"info","message":{"ip":"::1","method":"GET","url":"/api/v1/products/658e0a1b9f1b2c3d4e5f6002"},"service":"secondhand-marketplace-api","timestamp":"2026-01-02 15:53:17"}
{"ip":"::1","level":"error","message":"Cannot read properties of null (reading '_id')","method":"GET","service":"secondhand-marketplace-api","stack":"TypeError: Cannot read properties of null (reading '_id')\n    at file:///D:/FREELANCE/Support/backend_SECOW/src/controllers/productController.js:157:32\n    at process.processTicksAndRejections (node:internal/process/task_queues:105:5)","timestamp":"2026-01-02 15:53:17","url":"/api/v1/products/658e0a1b9f1b2c3d4e5f6002"}
{"level":"info","message":{"ip":"::1","method":"GET","url":"/api/v1/products/:658e0a1b9f1b2c3d4e5f6002"},"service":"secondhand-marketplace-api","timestamp":"2026-01-02 15:53:23"}
{"ip":"::1","level":"error","message":"Cast to ObjectId failed for value \":658e0a1b9f1b2c3d4e5f6002\" (type string) at path \"_id\" for model \"Product\"","method":"GET","service":"secondhand-marketplace-api","stack":"CastError: Cast to ObjectId failed for value \":658e0a1b9f1b2c3d4e5f6002\" (type string) at path \"_id\" for model \"Product\"\n    at SchemaObjectId.cast (D:\\FREELANCE\\Support\\backend_SECOW\\node_modules\\mongoose\\lib\\schema\\objectId.js:253:11)\n    at SchemaType.applySetters (D:\\FREELANCE\\Support\\backend_SECOW\\node_modules\\mongoose\\lib\\schemaType.js:1280:12)\n    at SchemaType.castForQuery (D:\\FREELANCE\\Support\\backend_SECOW\\node_modules\\mongoose\\lib\\schemaType.js:1706:17)\n    at cast (D:\\FREELANCE\\Support\\backend_SECOW\\node_modules\\mongoose\\lib\\cast.js:386:32)\n    at Query.cast (D:\\FREELANCE\\Support\\backend_SECOW\\node_modules\\mongoose\\lib\\query.js:5025:12)\n    at Query._castConditions (D:\\FREELANCE\\Support\\backend_SECOW\\node_modules\\mongoose\\lib\\query.js:2374:10)\n    at model.Query._findOne (D:\\FREELANCE\\Support\\backend_SECOW\\node_modules\\mongoose\\lib\\query.js:2704:8)\n    at model.Query.exec (D:\\FREELANCE\\Support\\backend_SECOW\\node_modules\\mongoose\\lib\\query.js:4637:80)\n    at process.processTicksAndRejections (node:internal/process/task_queues:105:5)\n    at async file:///D:/FREELANCE/Support/backend_SECOW/src/controllers/productController.js:131:21","timestamp":"2026-01-02 15:53:23","url":"/api/v1/products/:658e0a1b9f1b2c3d4e5f6002"}
{"level":"info","message":{"ip":"::1","method":"GET","url":"/api/v1/products/658e0a1b9f1b2c3d4e5f6002"},"service":"secondhand-marketplace-api","timestamp":"2026-01-02 15:53:28"}
{"ip":"::1","level":"error","message":"Cannot read properties of null (reading '_id')","method":"GET","service":"secondhand-marketplace-api","stack":"TypeError: Cannot read properties of null (reading '_id')\n    at file:///D:/FREELANCE/Support/backend_SECOW/src/controllers/productController.js:157:32\n    at process.processTicksAndRejections (node:internal/process/task_queues:105:5)","timestamp":"2026-01-02 15:53:28","url":"/api/v1/products/658e0a1b9f1b2c3d4e5f6002"}
{"level":"info","message":{"ip":"::1","method":"GET","url":"/api/v1/products/:id"},"service":"secondhand-marketplace-api","timestamp":"2026-01-02 15:53:33"}
{"ip":"::1","level":"error","message":"Cast to ObjectId failed for value \":id\" (type string) at path \"_id\" for model \"Product\"","method":"GET","service":"secondhand-marketplace-api","stack":"CastError: Cast to ObjectId failed for value \":id\" (type string) at path \"_id\" for model \"Product\"\n    at SchemaObjectId.cast (D:\\FREELANCE\\Support\\backend_SECOW\\node_modules\\mongoose\\lib\\schema\\objectId.js:253:11)\n    at SchemaType.applySetters (D:\\FREELANCE\\Support\\backend_SECOW\\node_modules\\mongoose\\lib\\schemaType.js:1280:12)\n    at SchemaType.castForQuery (D:\\FREELANCE\\Support\\backend_SECOW\\node_modules\\mongoose\\lib\\schemaType.js:1706:17)\n    at cast (D:\\FREELANCE\\Support\\backend_SECOW\\node_modules\\mongoose\\lib\\cast.js:386:32)\n    at Query.cast (D:\\FREELANCE\\Support\\backend_SECOW\\node_modules\\mongoose\\lib\\query.js:5025:12)\n    at Query._castConditions (D:\\FREELANCE\\Support\\backend_SECOW\\node_modules\\mongoose\\lib\\query.js:2374:10)\n    at model.Query._findOne (D:\\FREELANCE\\Support\\backend_SECOW\\node_modules\\mongoose\\lib\\query.js:2704:8)\n    at model.Query.exec (D:\\FREELANCE\\Support\\backend_SECOW\\node_modules\\mongoose\\lib\\query.js:4637:80)\n    at process.processTicksAndRejections (node:internal/process/task_queues:105:5)\n    at async file:///D:/FREELANCE/Support/backend_SECOW/src/controllers/productController.js:131:21","timestamp":"2026-01-02 15:53:33","url":"/api/v1/products/:id"}
{"level":"info","message":{"ip":"::1","method":"GET","url":"/api/v1/products/metadata"},"service":"secondhand-marketplace-api","timestamp":"2026-01-02 15:54:02"}
{"level":"info","message":{"ip":"::1","method":"GET","url":"/api/v1/products/CAT_FURNITURE"},"service":"secondhand-marketplace-api","timestamp":"2026-01-02 15:56:16"}
{"ip":"::1","level":"error","message":"Cast to ObjectId failed for value \"CAT_FURNITURE\" (type string) at path \"_id\" for model \"Product\"","method":"GET","service":"secondhand-marketplace-api","stack":"CastError: Cast to ObjectId failed for value \"CAT_FURNITURE\" (type string) at path \"_id\" for model \"Product\"\n    at SchemaObjectId.cast (D:\\FREELANCE\\Support\\backend_SECOW\\node_modules\\mongoose\\lib\\schema\\objectId.js:253:11)\n    at SchemaType.applySetters (D:\\FREELANCE\\Support\\backend_SECOW\\node_modules\\mongoose\\lib\\schemaType.js:1280:12)\n    at SchemaType.castForQuery (D:\\FREELANCE\\Support\\backend_SECOW\\node_modules\\mongoose\\lib\\schemaType.js:1706:17)\n    at cast (D:\\FREELANCE\\Support\\backend_SECOW\\node_modules\\mongoose\\lib\\cast.js:386:32)\n    at Query.cast (D:\\FREELANCE\\Support\\backend_SECOW\\node_modules\\mongoose\\lib\\query.js:5025:12)\n    at Query._castConditions (D:\\FREELANCE\\Support\\backend_SECOW\\node_modules\\mongoose\\lib\\query.js:2374:10)\n    at model.Query._findOne (D:\\FREELANCE\\Support\\backend_SECOW\\node_modules\\mongoose\\lib\\query.js:2704:8)\n    at model.Query.exec (D:\\FREELANCE\\Support\\backend_SECOW\\node_modules\\mongoose\\lib\\query.js:4637:80)\n    at process.processTicksAndRejections (node:internal/process/task_queues:105:5)\n    at async file:///D:/FREELANCE/Support/backend_SECOW/src/controllers/productController.js:131:21","timestamp":"2026-01-02 15:56:16","url":"/api/v1/products/CAT_FURNITURE"}
{"level":"info","message":{"ip":"::1","method":"GET","url":"/api/v1/products/metadata"},"service":"secondhand-marketplace-api","timestamp":"2026-01-02 15:56:19"}
{"level":"info","message":{"ip":"::1","method":"GET","url":"/api/v1/products/metadata/CAT_FURNITURE"},"service":"secondhand-marketplace-api","timestamp":"2026-01-02 15:56:23"}
{"level":"info","message":{"ip":"::1","method":"GET","url":"/api/v1/products/metadata"},"service":"secondhand-marketplace-api","timestamp":"2026-01-02 15:56:26"}
{"level":"info","message":{"ip":"::1","method":"GET","url":"/api/v1/products/:"},"service":"secondhand-marketplace-api","timestamp":"2026-01-02 15:57:03"}
{"ip":"::1","level":"error","message":"Cast to ObjectId failed for value \":\" (type string) at path \"_id\" for model \"Product\"","method":"GET","service":"secondhand-marketplace-api","stack":"CastError: Cast to ObjectId failed for value \":\" (type string) at path \"_id\" for model \"Product\"\n    at SchemaObjectId.cast (D:\\FREELANCE\\Support\\backend_SECOW\\node_modules\\mongoose\\lib\\schema\\objectId.js:253:11)\n    at SchemaType.applySetters (D:\\FREELANCE\\Support\\backend_SECOW\\node_modules\\mongoose\\lib\\schemaType.js:1280:12)\n    at SchemaType.castForQuery (D:\\FREELANCE\\Support\\backend_SECOW\\node_modules\\mongoose\\lib\\schemaType.js:1706:17)\n    at cast (D:\\FREELANCE\\Support\\backend_SECOW\\node_modules\\mongoose\\lib\\cast.js:386:32)\n    at Query.cast (D:\\FREELANCE\\Support\\backend_SECOW\\node_modules\\mongoose\\lib\\query.js:5025:12)\n    at Query._castConditions (D:\\FREELANCE\\Support\\backend_SECOW\\node_modules\\mongoose\\lib\\query.js:2374:10)\n    at model.Query._findOne (D:\\FREELANCE\\Support\\backend_SECOW\\node_modules\\mongoose\\lib\\query.js:2704:8)\n    at model.Query.exec (D:\\FREELANCE\\Support\\backend_SECOW\\node_modules\\mongoose\\lib\\query.js:4637:80)\n    at process.processTicksAndRejections (node:internal/process/task_queues:105:5)\n    at async file:///D:/FREELANCE/Support/backend_SECOW/src/controllers/productController.js:131:21","timestamp":"2026-01-02 15:57:03","url":"/api/v1/products/:"}
{"level":"info","message":{"ip":"::1","method":"GET","url":"/api/v1/products/658e0a1b9f1b2c3d4e5f6002"},"service":"secondhand-marketplace-api","timestamp":"2026-01-02 15:57:20"}
{"ip":"::1","level":"error","message":"Cannot read properties of null (reading '_id')","method":"GET","service":"secondhand-marketplace-api","stack":"TypeError: Cannot read properties of null (reading '_id')\n    at file:///D:/FREELANCE/Support/backend_SECOW/src/controllers/productController.js:157:32\n    at process.processTicksAndRejections (node:internal/process/task_queues:105:5)","timestamp":"2026-01-02 15:57:20","url":"/api/v1/products/658e0a1b9f1b2c3d4e5f6002"}
{"level":"info","message":{"ip":"::1","method":"GET","url":"/api/v1/products/"},"service":"secondhand-marketplace-api","timestamp":"2026-01-02 16:00:59"}
{"level":"info","message":{"ip":"::1","method":"GET","url":"/api/v1/products/"},"service":"secondhand-marketplace-api","timestamp":"2026-01-02 16:06:25"}
{"level":"info","message":{"ip":"::1","method":"GET","url":"/api/v1/products/"},"service":"secondhand-marketplace-api","timestamp":"2026-01-02 16:12:45"}
{"level":"info","message":{"ip":"::1","method":"GET","url":"/api/v1/products/"},"service":"secondhand-marketplace-api","timestamp":"2026-01-02 16:13:08"}
{"level":"info","message":{"ip":"::1","method":"GET","url":"/api/v1/products/"},"service":"secondhand-marketplace-api","timestamp":"2026-01-02 16:13:37"}
{"level":"info","message":{"ip":"::1","method":"GET","url":"/api/v1/products/"},"service":"secondhand-marketplace-api","timestamp":"2026-01-02 16:13:57"}
{"level":"info","message":{"ip":"::1","method":"GET","url":"/api/v1/products/:658e0a1b9f1b2c3d4e5f6004"},"service":"secondhand-marketplace-api","timestamp":"2026-01-02 16:14:14"}
{"ip":"::1","level":"error","message":"Cast to ObjectId failed for value \":658e0a1b9f1b2c3d4e5f6004\" (type string) at path \"_id\" for model \"Product\"","method":"GET","service":"secondhand-marketplace-api","stack":"CastError: Cast to ObjectId failed for value \":658e0a1b9f1b2c3d4e5f6004\" (type string) at path \"_id\" for model \"Product\"\n    at SchemaObjectId.cast (D:\\FREELANCE\\Support\\backend_SECOW\\node_modules\\mongoose\\lib\\schema\\objectId.js:253:11)\n    at SchemaType.applySetters (D:\\FREELANCE\\Support\\backend_SECOW\\node_modules\\mongoose\\lib\\schemaType.js:1280:12)\n    at SchemaType.castForQuery (D:\\FREELANCE\\Support\\backend_SECOW\\node_modules\\mongoose\\lib\\schemaType.js:1706:17)\n    at cast (D:\\FREELANCE\\Support\\backend_SECOW\\node_modules\\mongoose\\lib\\cast.js:386:32)\n    at Query.cast (D:\\FREELANCE\\Support\\backend_SECOW\\node_modules\\mongoose\\lib\\query.js:5025:12)\n    at Query._castConditions (D:\\FREELANCE\\Support\\backend_SECOW\\node_modules\\mongoose\\lib\\query.js:2374:10)\n    at model.Query._findOne (D:\\FREELANCE\\Support\\backend_SECOW\\node_modules\\mongoose\\lib\\query.js:2704:8)\n    at model.Query.exec (D:\\FREELANCE\\Support\\backend_SECOW\\node_modules\\mongoose\\lib\\query.js:4637:80)\n    at process.processTicksAndRejections (node:internal/process/task_queues:105:5)\n    at async file:///D:/FREELANCE/Support/backend_SECOW/src/controllers/productController.js:131:21","timestamp":"2026-01-02 16:14:14","url":"/api/v1/products/:658e0a1b9f1b2c3d4e5f6004"}
{"level":"info","message":{"ip":"::1","method":"GET","url":"/api/v1/products/658e0a1b9f1b2c3d4e5f6004"},"service":"secondhand-marketplace-api","timestamp":"2026-01-02 16:14:16"}
{"ip":"::1","level":"error","message":"Cannot read properties of null (reading '_id')","method":"GET","service":"secondhand-marketplace-api","stack":"TypeError: Cannot read properties of null (reading '_id')\n    at file:///D:/FREELANCE/Support/backend_SECOW/src/controllers/productController.js:157:32\n    at process.processTicksAndRejections (node:internal/process/task_queues:105:5)","timestamp":"2026-01-02 16:14:16","url":"/api/v1/products/658e0a1b9f1b2c3d4e5f6004"}
{"level":"info","message":{"ip":"::1","method":"GET","url":"/api/v1/products/"},"service":"secondhand-marketplace-api","timestamp":"2026-01-02 16:14:28"}
{"level":"info","message":{"ip":"::1","method":"GET","url":"/api/v1/products/"},"service":"secondhand-marketplace-api","timestamp":"2026-01-02 16:14:33"}
{"level":"info","message":{"ip":"::1","method":"GET","url":"/api/v1/products/metadata"},"service":"secondhand-marketplace-api","timestamp":"2026-01-02 16:14:34"}
{"level":"info","message":{"ip":"::1","method":"GET","url":"/api/v1/products/metadata"},"service":"secondhand-marketplace-api","timestamp":"2026-01-02 16:14:36"}
{"level":"info","message":{"ip":"::1","method":"GET","url":"/api/v1/products/658e0a1b9f1b2c3d4e5f6004"},"service":"secondhand-marketplace-api","timestamp":"2026-01-02 16:15:35"}
{"ip":"::1","level":"error","message":"Cannot read properties of null (reading '_id')","method":"GET","service":"secondhand-marketplace-api","stack":"TypeError: Cannot read properties of null (reading '_id')\n    at file:///D:/FREELANCE/Support/backend_SECOW/src/controllers/productController.js:157:32\n    at process.processTicksAndRejections (node:internal/process/task_queues:105:5)","timestamp":"2026-01-02 16:15:35","url":"/api/v1/products/658e0a1b9f1b2c3d4e5f6004"}
{"level":"info","message":{"ip":"::1","method":"GET","url":"/api/v1/products/"},"service":"secondhand-marketplace-api","timestamp":"2026-01-02 16:19:17"}
{"level":"info","message":{"ip":"::1","method":"GET","url":"/api/v1/products/658e0a1b9f1b2c3d4e5f6004"},"service":"secondhand-marketplace-api","timestamp":"2026-01-02 16:19:22"}
{"level":"info","message":{"ip":"::1","method":"GET","url":"/api/v1/products/"},"service":"secondhand-marketplace-api","timestamp":"2026-01-02 16:19:44"}
{"level":"info","message":{"ip":"::1","method":"GET","url":"/api/v1/products/"},"service":"secondhand-marketplace-api","timestamp":"2026-01-02 16:37:18"}
{"level":"info","message":{"ip":"::1","method":"GET","url":"/api/v1/products/658e0a1b9f1b2c3d4e5f6005"},"service":"secondhand-marketplace-api","timestamp":"2026-01-02 16:47:25"}
{"level":"info","message":{"ip":"::1","method":"GET","url":"/api/v1/products/658e0a1b9f1b2c3d4e5f6005"},"service":"secondhand-marketplace-api","timestamp":"2026-01-02 16:48:46"}
{"level":"info","message":{"ip":"::1","method":"GET","url":"/api/v1/products/658e0a1b9f1b2c3d4e5f6005"},"service":"secondhand-marketplace-api","timestamp":"2026-01-02 16:49:11"}
{"level":"info","message":{"ip":"::1","method":"GET","url":"/api/v1/products/658e0a1b9f1b2c3d4e5f6005"},"service":"secondhand-marketplace-api","timestamp":"2026-01-02 16:49:21"}
{"level":"info","message":{"ip":"::1","method":"GET","url":"/api/v1/products/658e0a1b9f1b2c3d4e5f6005"},"service":"secondhand-marketplace-api","timestamp":"2026-01-02 16:49:35"}
{"level":"info","message":{"ip":"::1","method":"GET","url":"/api/v1/products/658e0a1b9f1b2c3d4e5f6005"},"service":"secondhand-marketplace-api","timestamp":"2026-01-02 16:50:06"}
{"level":"info","message":{"ip":"::1","method":"GET","url":"/api/v1/products/658e0a1b9f1b2c3d4e5f6005"},"service":"secondhand-marketplace-api","timestamp":"2026-01-02 16:50:08"}
{"level":"info","message":{"ip":"::1","method":"GET","url":"/api/v1/products/658e0a1b9f1b2c3d4e5f6005"},"service":"secondhand-marketplace-api","timestamp":"2026-01-02 16:50:18"}
{"level":"info","message":{"ip":"::1","method":"GET","url":"/api/v1/products/658e0a1b9f1b2c3d4e5f6005"},"service":"secondhand-marketplace-api","timestamp":"2026-01-02 16:50:27"}
{"level":"info","message":{"ip":"::1","method":"GET","url":"/api/v1/products/658e0a1b9f1b2c3d4e5f6005"},"service":"secondhand-marketplace-api","timestamp":"2026-01-02 16:50:36"}
{"level":"info","message":{"ip":"::1","method":"GET","url":"/api/v1/products/658e0a1b9f1b2c3d4e5f6005"},"service":"secondhand-marketplace-api","timestamp":"2026-01-02 16:50:51"}
{"level":"info","message":{"ip":"::1","method":"GET","url":"/api/v1/products/658e0a1b9f1b2c3d4e5f6004"},"service":"secondhand-marketplace-api","timestamp":"2026-01-02 16:50:56"}
{"level":"info","message":{"ip":"::1","method":"GET","url":"/api/v1/products/658e0a1b9f1b2c3d4e5f6004"},"service":"secondhand-marketplace-api","timestamp":"2026-01-02 16:51:03"}
{"level":"info","message":{"ip":"::1","method":"GET","url":"/api/v1/products/658e0a1b9f1b2c3d4e5f6004"},"service":"secondhand-marketplace-api","timestamp":"2026-01-02 16:51:53"}
{"level":"info","message":{"ip":"::1","method":"GET","url":"/api/v1/products/658e0a1b9f1b2c3d4e5f6004"},"service":"secondhand-marketplace-api","timestamp":"2026-01-02 16:51:58"}
{"level":"info","message":{"ip":"::1","method":"GET","url":"/api/v1/products/658e0a1b9f1b2c3d4e5f6004"},"service":"secondhand-marketplace-api","timestamp":"2026-01-02 16:52:00"}
{"level":"info","message":{"ip":"::1","method":"GET","url":"/api/v1/products/658e0a1b9f1b2c3d4e5f6004"},"service":"secondhand-marketplace-api","timestamp":"2026-01-02 16:52:55"}
{"level":"info","message":{"ip":"::1","method":"GET","url":"/api/v1/products/658e0a1b9f1b2c3d4e5f6004"},"service":"secondhand-marketplace-api","timestamp":"2026-01-02 16:53:04"}
{"level":"info","message":{"ip":"::1","method":"GET","url":"/api/v1/products/658e0a1b9f1b2c3d4e5f6004"},"service":"secondhand-marketplace-api","timestamp":"2026-01-02 16:53:12"}
{"level":"info","message":{"ip":"::1","method":"GET","url":"/api/v1/products/658e0a1b9f1b2c3d4e5f6004"},"service":"secondhand-marketplace-api","timestamp":"2026-01-02 16:53:37"}
{"level":"info","message":{"ip":"::1","method":"GET","url":"/api/v1/products/658e0a1b9f1b2c3d4e5f6004"},"service":"secondhand-marketplace-api","timestamp":"2026-01-02 16:53:40"}
{"level":"info","message":{"ip":"::1","method":"GET","url":"/api/v1/products/658e0a1b9f1b2c3d4e5f6004"},"service":"secondhand-marketplace-api","timestamp":"2026-01-02 16:53:43"}
{"level":"info","message":{"ip":"::1","method":"GET","url":"/api/v1/products/658e0a1b9f1b2c3d4e5f6004"},"service":"secondhand-marketplace-api","timestamp":"2026-01-02 16:53:45"}
{"level":"info","message":{"ip":"::1","method":"GET","url":"/api/v1/products/658e0a1b9f1b2c3d4e5f6004"},"service":"secondhand-marketplace-api","timestamp":"2026-01-02 16:53:49"}
{"level":"info","message":{"ip":"::1","method":"GET","url":"/api/v1/products/658e0a1b9f1b2c3d4e5f6004"},"service":"secondhand-marketplace-api","timestamp":"2026-01-02 16:53:56"}
{"level":"info","message":{"ip":"::1","method":"GET","url":"/api/v1/products/658e0a1b9f1b2c3d4e5f6004"},"service":"secondhand-marketplace-api","timestamp":"2026-01-02 16:54:08"}
{"level":"info","message":{"ip":"::1","method":"GET","url":"/api/v1/products/658e0a1b9f1b2c3d4e5f6004"},"service":"secondhand-marketplace-api","timestamp":"2026-01-02 16:54:12"}
{"level":"info","message":{"ip":"::1","method":"GET","url":"/api/v1/products/658e0a1b9f1b2c3d4e5f6004"},"service":"secondhand-marketplace-api","timestamp":"2026-01-02 16:54:14"}
{"level":"info","message":{"ip":"::1","method":"GET","url":"/api/v1/products/658e0a1b9f1b2c3d4e5f6004"},"service":"secondhand-marketplace-api","timestamp":"2026-01-02 18:46:09"}
{"level":"info","message":{"ip":"::1","method":"GET","url":"/api/v1/products/658e0a1b9f1b2c3d4e5f6004"},"service":"secondhand-marketplace-api","timestamp":"2026-01-02 18:46:13"}
{"level":"info","message":{"ip":"::1","method":"GET","url":"/api/v1/products/658e0a1b9f1b2c3d4e5f6004"},"service":"secondhand-marketplace-api","timestamp":"2026-01-02 18:47:05"}
{"level":"info","message":{"ip":"::1","method":"GET","url":"/api/v1/products/658e0a1b9f1b2c3d4e5f6004"},"service":"secondhand-marketplace-api","timestamp":"2026-01-02 18:47:20"}
{"level":"info","message":{"ip":"::1","method":"GET","url":"/api/v1/products/658e0a1b9f1b2c3d4e5f6004"},"service":"secondhand-marketplace-api","timestamp":"2026-01-02 18:47:35"}
{"level":"info","message":{"ip":"::1","method":"GET","url":"/api/v1/products/658e0a1b9f1b2c3d4e5f6004"},"service":"secondhand-marketplace-api","timestamp":"2026-01-02 18:48:13"}
{"level":"info","message":{"ip":"::1","method":"GET","url":"/api/v1/product/658e0a1b9f1b2c3d4e5f6004"},"service":"secondhand-marketplace-api","timestamp":"2026-01-02 18:49:44"}
{"level":"info","message":{"ip":"::1","method":"GET","url":"/api/v1//658e0a1b9f1b2c3d4e5f6004"},"service":"secondhand-marketplace-api","timestamp":"2026-01-02 18:49:47"}
{"level":"info","message":{"ip":"::1","method":"GET","url":"/api/v1/products/658e0a1b9f1b2c3d4e5f6004"},"service":"secondhand-marketplace-api","timestamp":"2026-01-02 18:49:49"}
{"level":"info","message":{"ip":"::1","method":"GET","url":"/api/v1/products/658e0a1b9f1b2c3d4e5f6004"},"service":"secondhand-marketplace-api","timestamp":"2026-01-02 18:50:05"}
{"level":"info","message":{"ip":"::1","method":"GET","url":"/api/v1/products/658e0a1b9f1b2c3d4e5f6004"},"service":"secondhand-marketplace-api","timestamp":"2026-01-02 18:50:07"}
{"level":"info","message":{"ip":"::1","method":"GET","url":"/api/v1/products/658e0a1b9f1b2c3d4e5f6004"},"service":"secondhand-marketplace-api","timestamp":"2026-01-02 18:50:08"}
{"level":"info","message":{"ip":"::1","method":"GET","url":"/api/v1/products/658e0a1b9f1b2c3d4e5f6004"},"service":"secondhand-marketplace-api","timestamp":"2026-01-02 18:50:11"}
{"level":"info","message":{"ip":"::1","method":"GET","url":"/api/v1/products/658e0a1b9f1b2c3d4e5f6004"},"service":"secondhand-marketplace-api","timestamp":"2026-01-02 18:50:39"}
{"level":"info","message":{"ip":"::1","method":"GET","url":"/api/v1/products/658e0a1b9f1b2c3d4e5f6004"},"service":"secondhand-marketplace-api","timestamp":"2026-01-02 18:51:37"}
{"level":"info","message":{"ip":"::1","method":"GET","url":"/api/v1/products/658e0a1b9f1b2c3d4e5f6004"},"service":"secondhand-marketplace-api","timestamp":"2026-01-02 18:52:13"}
{"level":"info","message":{"ip":"::1","method":"GET","url":"/api/v1/products/658e0a1b9f1b2c3d4e5f6001"},"service":"secondhand-marketplace-api","timestamp":"2026-01-02 18:52:17"}
{"level":"info","message":{"ip":"::1","method":"GET","url":"/api/v1/products/658e0a1b9f1b2c3d4e5f6001"},"service":"secondhand-marketplace-api","timestamp":"2026-01-02 18:52:35"}
{"level":"info","message":{"ip":"::1","method":"GET","url":"/api/v1/products/658e0a1b9f1b2c3d4e5f6001"},"service":"secondhand-marketplace-api","timestamp":"2026-01-02 19:12:45"}
{"level":"info","message":{"ip":"::1","method":"GET","url":"/api/v1/products/658e0a1b9f1b2c3d4e5f6001"},"service":"secondhand-marketplace-api","timestamp":"2026-01-02 19:12:47"}
{"level":"info","message":{"ip":"::1","method":"GET","url":"/api/v1/products/"},"service":"secondhand-marketplace-api","timestamp":"2026-01-02 19:12:54"}
{"level":"info","message":{"ip":"::1","method":"GET","url":"/api/v1/products/658e0a1b9f1b2c3d4e5f6004"},"service":"secondhand-marketplace-api","timestamp":"2026-01-02 19:12:59"}
{"level":"info","message":{"ip":"::1","method":"GET","url":"/api/v1/products/658e0a1b9f1b2c3d4e5f6001"},"service":"secondhand-marketplace-api","timestamp":"2026-01-02 19:13:02"}
{"level":"info","message":{"ip":"::1","method":"GET","url":"/api/v1/products/658e0a1b9f1b2c3d4e5f6001"},"service":"secondhand-marketplace-api","timestamp":"2026-01-02 19:14:28"}
{"level":"info","message":{"ip":"::1","method":"GET","url":"/api/v1/products/658e0a1b9f1b2c3d4e5f6001"},"service":"secondhand-marketplace-api","timestamp":"2026-01-02 19:14:44"}
{"level":"info","message":{"ip":"::1","method":"GET","url":"/api/v1/products/"},"service":"secondhand-marketplace-api","timestamp":"2026-01-02 19:14:57"}
{"level":"info","message":{"ip":"::1","method":"GET","url":"/api/v1/products/"},"service":"secondhand-marketplace-api","timestamp":"2026-01-02 19:15:35"}
{"level":"info","message":{"ip":"::1","method":"GET","url":"/api/v1/products/658e0a1b9f1b2c3d4e5f6001"},"service":"secondhand-marketplace-api","timestamp":"2026-01-02 19:15:36"}
{"level":"info","message":{"ip":"::1","method":"GET","url":"/api/v1/products/658e0a1b9f1b2c3d4e5f6001"},"service":"secondhand-marketplace-api","timestamp":"2026-01-02 19:15:41"}
{"level":"info","message":{"ip":"::1","method":"GET","url":"/api/v1/products/658e0a1b9f1b2c3d4e5f6001"},"service":"secondhand-marketplace-api","timestamp":"2026-01-02 19:15:46"}
{"level":"info","message":{"ip":"::1","method":"GET","url":"/api/v1/products/658e0a1b9f1b2c3d4e5f6001"},"service":"secondhand-marketplace-api","timestamp":"2026-01-02 19:16:07"}
{"level":"info","message":{"ip":"::1","method":"GET","url":"/api/v1/products/658e0a1b9f1b2c3d4e5f6001"},"service":"secondhand-marketplace-api","timestamp":"2026-01-02 19:16:08"}
{"level":"info","message":{"ip":"::1","method":"GET","url":"/api/v1/products/"},"service":"secondhand-marketplace-api","timestamp":"2026-01-02 19:16:09"}
{"level":"info","message":{"ip":"::1","method":"GET","url":"/api/v1/products/"},"service":"secondhand-marketplace-api","timestamp":"2026-01-02 19:16:17"}
{"level":"info","message":{"ip":"::1","method":"GET","url":"/api/v1/products/"},"service":"secondhand-marketplace-api","timestamp":"2026-01-02 19:16:30"}
{"level":"info","message":{"ip":"::1","method":"GET","url":"/api/v1/products/"},"service":"secondhand-marketplace-api","timestamp":"2026-01-02 19:16:35"}
{"level":"info","message":{"ip":"::1","method":"GET","url":"/api/v1/products/"},"service":"secondhand-marketplace-api","timestamp":"2026-01-02 19:16:44"}
{"level":"info","message":{"ip":"::1","method":"GET","url":"/api/v1/products/"},"service":"secondhand-marketplace-api","timestamp":"2026-01-02 19:16:49"}
{"level":"info","message":{"ip":"::1","method":"GET","url":"/api/v1/products/"},"service":"secondhand-marketplace-api","timestamp":"2026-01-02 19:16:53"}
{"level":"info","message":{"ip":"::1","method":"GET","url":"/api/v1/products/"},"service":"secondhand-marketplace-api","timestamp":"2026-01-02 19:17:14"}
{"level":"info","message":{"ip":"::1","method":"GET","url":"/api/v1/products/"},"service":"secondhand-marketplace-api","timestamp":"2026-01-02 19:17:16"}
{"level":"info","message":{"ip":"::1","method":"GET","url":"/api/v1/products/"},"service":"secondhand-marketplace-api","timestamp":"2026-01-02 19:17:28"}
{"level":"info","message":{"ip":"::1","method":"GET","url":"/api/v1/products/"},"service":"secondhand-marketplace-api","timestamp":"2026-01-02 19:17:35"}
{"level":"info","message":{"ip":"::1","method":"GET","url":"/api/v1/products/"},"service":"secondhand-marketplace-api","timestamp":"2026-01-02 19:17:41"}
{"level":"info","message":{"ip":"::1","method":"GET","url":"/api/v1/products/"},"service":"secondhand-marketplace-api","timestamp":"2026-01-02 19:17:59"}
{"level":"info","message":{"ip":"::1","method":"GET","url":"/api/v1/products/"},"service":"secondhand-marketplace-api","timestamp":"2026-01-02 19:18:07"}
{"level":"info","message":{"ip":"::1","method":"GET","url":"/api/v1/products/"},"service":"secondhand-marketplace-api","timestamp":"2026-01-02 19:18:09"}
{"level":"info","message":{"ip":"::1","method":"GET","url":"/api/v1/products/"},"service":"secondhand-marketplace-api","timestamp":"2026-01-02 19:18:16"}
{"level":"info","message":{"ip":"::1","method":"GET","url":"/api/v1/products/"},"service":"secondhand-marketplace-api","timestamp":"2026-01-02 19:18:20"}
{"level":"info","message":{"ip":"::1","method":"GET","url":"/api/v1/products/"},"service":"secondhand-marketplace-api","timestamp":"2026-01-02 19:18:40"}
{"level":"info","message":{"ip":"::1","method":"GET","url":"/api/v1/products/"},"service":"secondhand-marketplace-api","timestamp":"2026-01-02 19:18:43"}
{"level":"info","message":{"ip":"::1","method":"GET","url":"/api/v1/products/"},"service":"secondhand-marketplace-api","timestamp":"2026-01-02 19:18:48"}
{"level":"info","message":{"ip":"::1","method":"GET","url":"/api/v1/products/"},"service":"secondhand-marketplace-api","timestamp":"2026-01-02 19:19:04"}
{"level":"info","message":{"ip":"::1","method":"GET","url":"/api/v1/products/"},"service":"secondhand-marketplace-api","timestamp":"2026-01-02 19:19:08"}
{"level":"info","message":{"ip":"::1","method":"GET","url":"/api/v1/products/"},"service":"secondhand-marketplace-api","timestamp":"2026-01-02 19:19:15"}
{"level":"info","message":{"ip":"::1","method":"GET","url":"/api/v1/products/"},"service":"secondhand-marketplace-api","timestamp":"2026-01-02 19:19:18"}
{"level":"info","message":{"ip":"::1","method":"GET","url":"/api/v1/products/"},"service":"secondhand-marketplace-api","timestamp":"2026-01-02 19:19:23"}
{"level":"info","message":{"ip":"::1","method":"GET","url":"/api/v1/products/"},"service":"secondhand-marketplace-api","timestamp":"2026-01-02 19:19:25"}
{"level":"info","message":{"ip":"::1","method":"GET","url":"/api/v1/products/"},"service":"secondhand-marketplace-api","timestamp":"2026-01-02 19:20:02"}
{"level":"info","message":{"ip":"::1","method":"GET","url":"/api/v1/products/"},"service":"secondhand-marketplace-api","timestamp":"2026-01-02 19:20:39"}
{"level":"info","message":{"ip":"::1","method":"GET","url":"/api/v1/products/"},"service":"secondhand-marketplace-api","timestamp":"2026-01-02 19:20:45"}
{"level":"info","message":{"ip":"::1","method":"GET","url":"/api/v1/products/"},"service":"secondhand-marketplace-api","timestamp":"2026-01-02 19:22:56"}
{"level":"info","message":{"ip":"::1","method":"GET","url":"/api/v1/products/"},"service":"secondhand-marketplace-api","timestamp":"2026-01-02 19:26:53"}
{"level":"info","message":{"ip":"::1","method":"GET","url":"/api/v1/products/"},"service":"secondhand-marketplace-api","timestamp":"2026-01-02 19:26:56"}
{"level":"info","message":{"ip":"::1","method":"GET","url":"/api/v1/products/"},"service":"secondhand-marketplace-api","timestamp":"2026-01-02 19:26:59"}
{"level":"info","message":{"ip":"::1","method":"GET","url":"/api/v1/products/658e0a1b9f1b2c3d4e5f6003"},"service":"secondhand-marketplace-api","timestamp":"2026-01-02 19:27:05"}
{"level":"info","message":{"ip":"::1","method":"GET","url":"/api/v1/products/"},"service":"secondhand-marketplace-api","timestamp":"2026-01-02 19:27:09"}
{"level":"info","message":{"ip":"::1","method":"GET","url":"/api/v1/products/658e0a1b9f1b2c3d4e5f6002"},"service":"secondhand-marketplace-api","timestamp":"2026-01-02 19:27:11"}
{"level":"info","message":{"ip":"::1","method":"GET","url":"/api/v1/products/"},"service":"secondhand-marketplace-api","timestamp":"2026-01-02 19:27:13"}
{"level":"info","message":{"ip":"::1","method":"GET","url":"/api/v1/products/"},"service":"secondhand-marketplace-api","timestamp":"2026-01-02 19:27:15"}
{"level":"info","message":{"ip":"::1","method":"GET","url":"/api/v1/products/"},"service":"secondhand-marketplace-api","timestamp":"2026-01-02 19:27:29"}
{"level":"info","message":{"ip":"::1","method":"GET","url":"/api/v1/products/"},"service":"secondhand-marketplace-api","timestamp":"2026-01-02 19:27:56"}
{"level":"info","message":{"ip":"::1","method":"GET","url":"/api/v1/products/"},"service":"secondhand-marketplace-api","timestamp":"2026-01-02 19:28:02"}
{"level":"info","message":{"ip":"::1","method":"GET","url":"/api/v1/products/"},"service":"secondhand-marketplace-api","timestamp":"2026-01-02 19:28:05"}
{"level":"info","message":{"ip":"::1","method":"GET","url":"/api/v1/products/"},"service":"secondhand-marketplace-api","timestamp":"2026-01-02 19:28:11"}
{"level":"info","message":{"ip":"::1","method":"GET","url":"/api/v1/products/"},"service":"secondhand-marketplace-api","timestamp":"2026-01-02 19:28:21"}
{"level":"info","message":{"ip":"::1","method":"GET","url":"/api/v1/products/"},"service":"secondhand-marketplace-api","timestamp":"2026-01-02 19:28:26"}
{"level":"info","message":{"ip":"::1","method":"GET","url":"/api/v1/products/"},"service":"secondhand-marketplace-api","timestamp":"2026-01-02 19:28:38"}
{"level":"info","message":{"ip":"::1","method":"GET","url":"/api/v1/products/"},"service":"secondhand-marketplace-api","timestamp":"2026-01-02 19:28:40"}
{"level":"info","message":{"ip":"::1","method":"GET","url":"/api/v1/products/"},"service":"secondhand-marketplace-api","timestamp":"2026-01-02 19:28:49"}
{"level":"info","message":{"ip":"::1","method":"GET","url":"/api/v1/products/"},"service":"secondhand-marketplace-api","timestamp":"2026-01-02 19:28:53"}
{"level":"info","message":{"ip":"::1","method":"GET","url":"/api/v1/products/"},"service":"secondhand-marketplace-api","timestamp":"2026-01-02 19:28:58"}
{"level":"info","message":{"ip":"::1","method":"GET","url":"/api/v1/products/"},"service":"secondhand-marketplace-api","timestamp":"2026-01-02 19:29:02"}
{"level":"info","message":{"ip":"::1","method":"GET","url":"/api/v1/products/"},"service":"secondhand-marketplace-api","timestamp":"2026-01-02 19:29:10"}
{"level":"info","message":{"ip":"::1","method":"GET","url":"/api/v1/products/"},"service":"secondhand-marketplace-api","timestamp":"2026-01-02 19:29:42"}
{"level":"info","message":{"ip":"::1","method":"GET","url":"/api/v1/products/658e0a1b9f1b2c3d4e5f6005"},"service":"secondhand-marketplace-api","timestamp":"2026-01-02 19:29:44"}
{"level":"info","message":{"ip":"::1","method":"GET","url":"/api/v1/products/"},"service":"secondhand-marketplace-api","timestamp":"2026-01-02 19:29:47"}
{"level":"info","message":{"ip":"::1","method":"GET","url":"/api/v1/products/658e0a1b9f1b2c3d4e5f6003"},"service":"secondhand-marketplace-api","timestamp":"2026-01-02 19:29:48"}
{"level":"info","message":{"ip":"::1","method":"GET","url":"/api/v1/products/"},"service":"secondhand-marketplace-api","timestamp":"2026-01-02 19:29:50"}
{"level":"info","message":{"ip":"::1","method":"GET","url":"/api/v1/products/"},"service":"secondhand-marketplace-api","timestamp":"2026-01-02 19:29:55"}
{"level":"info","message":{"ip":"::1","method":"GET","url":"/api/v1/products/"},"service":"secondhand-marketplace-api","timestamp":"2026-01-02 19:30:21"}
{"level":"info","message":{"ip":"::1","method":"GET","url":"/api/v1/products/658e0a1b9f1b2c3d4e5f6003"},"service":"secondhand-marketplace-api","timestamp":"2026-01-02 19:30:25"}
{"level":"info","message":{"ip":"::1","method":"GET","url":"/api/v1/products/"},"service":"secondhand-marketplace-api","timestamp":"2026-01-02 19:30:26"}
{"level":"info","message":{"ip":"::1","method":"GET","url":"/api/v1/products/"},"service":"secondhand-marketplace-api","timestamp":"2026-01-02 19:47:50"}
{"level":"info","message":{"ip":"::1","method":"GET","url":"/api/v1/products/"},"service":"secondhand-marketplace-api","timestamp":"2026-01-02 19:47:52"}
{"level":"info","message":{"ip":"::1","method":"GET","url":"/api/v1/products/"},"service":"secondhand-marketplace-api","timestamp":"2026-01-02 19:48:56"}
{"level":"info","message":{"ip":"::1","method":"GET","url":"/api/v1/products/658e0a1b9f1b2c3d4e5f6005"},"service":"secondhand-marketplace-api","timestamp":"2026-01-02 19:49:06"}
{"level":"info","message":{"ip":"::1","method":"GET","url":"/api/v1/products/metadata"},"service":"secondhand-marketplace-api","timestamp":"2026-01-02 19:49:22"}
{"level":"info","message":{"ip":"::1","method":"GET","url":"/api/v1/products/"},"service":"secondhand-marketplace-api","timestamp":"2026-01-02 19:49:28"}
{"level":"info","message":{"ip":"::1","method":"GET","url":"/api/v1/products/658e0a1b9f1b2c3d4e5f6002"},"service":"secondhand-marketplace-api","timestamp":"2026-01-02 19:49:30"}
{"level":"info","message":{"ip":"::1","method":"GET","url":"/api/v1/products/"},"service":"secondhand-marketplace-api","timestamp":"2026-01-02 19:49:32"}
{"level":"info","message":{"ip":"::1","method":"GET","url":"/api/v1/products/658e0a1b9f1b2c3d4e5f6001"},"service":"secondhand-marketplace-api","timestamp":"2026-01-02 19:49:36"}
{"level":"info","message":{"ip":"::1","method":"GET","url":"/api/v1/products/"},"service":"secondhand-marketplace-api","timestamp":"2026-01-02 19:49:39"}
{"level":"info","message":{"ip":"::1","method":"GET","url":"/api/v1/products/658e0a1b9f1b2c3d4e5f6004"},"service":"secondhand-marketplace-api","timestamp":"2026-01-02 19:49:40"}
{"level":"info","message":{"ip":"::1","method":"GET","url":"/api/v1/products/"},"service":"secondhand-marketplace-api","timestamp":"2026-01-02 19:49:59"}
{"level":"info","message":{"ip":"::1","method":"GET","url":"/api/v1/products/658e0a1b9f1b2c3d4e5f6003"},"service":"secondhand-marketplace-api","timestamp":"2026-01-02 19:50:01"}
{"level":"info","message":{"ip":"::1","method":"GET","url":"/api/v1/products/"},"service":"secondhand-marketplace-api","timestamp":"2026-01-02 19:50:04"}
{"level":"info","message":{"ip":"::1","method":"GET","url":"/api/v1/products/658e0a1b9f1b2c3d4e5f6003"},"service":"secondhand-marketplace-api","timestamp":"2026-01-02 19:50:05"}
{"level":"info","message":{"ip":"::1","method":"GET","url":"/api/v1/products/658e0a1b9f1b2c3d4e5f6003"},"service":"secondhand-marketplace-api","timestamp":"2026-01-02 19:51:15"}
{"level":"info","message":{"ip":"::1","method":"GET","url":"/api/v1/products/658e0a1b9f1b2c3d4e5f6003"},"service":"secondhand-marketplace-api","timestamp":"2026-01-02 19:52:44"}
{"level":"info","message":{"ip":"::1","method":"GET","url":"/api/v1/products/658e0a1b9f1b2c3d4e5f6003"},"service":"secondhand-marketplace-api","timestamp":"2026-01-02 19:54:30"}
{"level":"info","message":{"ip":"::1","method":"GET","url":"/api/v1/products/658e0a1b9f1b2c3d4e5f6003"},"service":"secondhand-marketplace-api","timestamp":"2026-01-02 19:55:31"}
{"level":"info","message":{"ip":"::1","method":"GET","url":"/api/v1/products/658e0a1b9f1b2c3d4e5f6003"},"service":"secondhand-marketplace-api","timestamp":"2026-01-02 19:56:00"}
{"level":"info","message":{"ip":"::1","method":"GET","url":"/api/v1/products/658e0a1b9f1b2c3d4e5f6003"},"service":"secondhand-marketplace-api","timestamp":"2026-01-02 19:56:07"}
{"level":"info","message":{"ip":"::1","method":"GET","url":"/api/v1/products/658e0a1b9f1b2c3d4e5f6003"},"service":"secondhand-marketplace-api","timestamp":"2026-01-02 19:56:42"}
{"level":"info","message":{"ip":"::1","method":"GET","url":"/api/v1/products/658e0a1b9f1b2c3d4e5f6003"},"service":"secondhand-marketplace-api","timestamp":"2026-01-02 19:57:07"}
{"level":"info","message":{"ip":"::1","method":"GET","url":"/api/v1/products/"},"service":"secondhand-marketplace-api","timestamp":"2026-01-02 19:57:23"}
{"level":"info","message":{"ip":"::1","method":"GET","url":"/api/v1/products/"},"service":"secondhand-marketplace-api","timestamp":"2026-01-02 19:57:26"}
{"level":"info","message":{"ip":"::1","method":"GET","url":"/api/v1/products/"},"service":"secondhand-marketplace-api","timestamp":"2026-01-02 19:59:04"}
{"level":"info","message":{"ip":"::1","method":"GET","url":"/api/v1/products/"},"service":"secondhand-marketplace-api","timestamp":"2026-01-02 19:59:51"}
{"level":"info","message":{"ip":"::1","method":"GET","url":"/api/v1/products/"},"service":"secondhand-marketplace-api","timestamp":"2026-01-02 20:01:00"}
{"level":"info","message":{"ip":"::1","method":"GET","url":"/api/v1/products/"},"service":"secondhand-marketplace-api","timestamp":"2026-01-02 20:01:09"}
{"level":"info","message":{"ip":"::1","method":"GET","url":"/api/v1/products/"},"service":"secondhand-marketplace-api","timestamp":"2026-01-02 20:01:29"}
{"level":"info","message":{"ip":"::1","method":"GET","url":"/api/v1/products/"},"service":"secondhand-marketplace-api","timestamp":"2026-01-02 20:01:37"}
{"level":"info","message":{"ip":"::1","method":"GET","url":"/api/v1/products/"},"service":"secondhand-marketplace-api","timestamp":"2026-01-02 20:01:54"}
